[35m[Appium][39m Welcome to Appium v1.22.3
[35m[Appium][39m Non-default server args:
[35m[Appium][39m   port: 54705
[35m[Appium][39m   tmpDir: C:\Users\HP\AppData\Local\Temp\\Katalon\Appium\Temp1701057560601
[35m[Appium][39m   chromedriverPort: 54706
[35m[Appium][39m Deprecated server args:
[35m[Appium][39m   [31m--chromedriver-port[39m => --default-capabilities
[35m[Appium][39m Default capabilities, which will be added to each request unless overridden by desired capabilities:
[35m[Appium][39m   chromedriverPort: 54706
[35m[Appium][39m Appium REST http interface listener started on 0.0.0.0:54705
[35m[HTTP][39m [37m-->[39m [37mGET[39m [37m/wd/hub/status[39m
[35m[HTTP][39m [90m{}[39m
[debug] [35m[GENERIC][39m Calling AppiumDriver.getStatus() with args: []
[debug] [35m[GENERIC][39m Responding to client with driver.getStatus() result: {"build":{"version":"1.22.3"}}
[35m[HTTP][39m [37m<-- GET /wd/hub/status [39m[32m200[39m [90m4 ms - 68[39m
[35m[HTTP][39m [90m[39m
[35m[HTTP][39m [37m-->[39m [37mGET[39m [37m/wd/hub/status[39m
[35m[HTTP][39m [90m{}[39m
[debug] [35m[GENERIC][39m Calling AppiumDriver.getStatus() with args: []
[debug] [35m[GENERIC][39m Responding to client with driver.getStatus() result: {"build":{"version":"1.22.3"}}
[35m[HTTP][39m [37m<-- GET /wd/hub/status [39m[32m200[39m [90m1 ms - 68[39m
[35m[HTTP][39m [90m[39m
[35m[HTTP][39m [37m-->[39m [37mPOST[39m [37m/wd/hub/session[39m
[35m[HTTP][39m [90m{"desiredCapabilities":{"appActivity":".Settings","appPackage":"com.android.settings","newCommandTimeout":1800,"platformVersion":"11","automationName":"uiautomator2","autoGrantPermissions":true,"platformName":"Android","udid":"a819ec3e","deviceName":"OPPO CPH2059 (Android 11)","platform":"ANDROID","systemPort":8243},"capabilities":{"firstMatch":[{"appium:appActivity":".Settings","appium:appPackage":"com.android.settings","appium:autoGrantPermissions":true,"appium:automationName":"uiautomator2","appium:deviceName":"OPPO CPH2059 (Android 11)","appium:newCommandTimeout":1800,"platform":"ANDROID","platformName":"android","appium:platformVersion":"11","appium:systemPort":8243,"appium:udid":"a819ec3e"}]}}[39m
[debug] [35m[W3C][39m Calling AppiumDriver.createSession() with args: [{"appActivity":".Settings","appPackage":"com.android.settings","newCommandTimeout":1800,"platformVersion":"11","automationName":"uiautomator2","autoGrantPermissions":true,"platformName":"Android","udid":"a819ec3e","deviceName":"OPPO CPH2059 (Android 11)","platform":"ANDROID","systemPort":8243},null,{"firstMatch":[{"appium:appActivity":".Settings","appium:appPackage":"com.android.settings","appium:autoGrantPermissions":true,"appium:automationName":"uiautomator2","appium:deviceName":"OPPO CPH2059 (Android 11)","appium:newCommandTimeout":1800,"platform":"ANDROID","platformName":"android","appium:platformVersion":"11","appium:systemPort":8243,"appium:udid":"a819ec3e"}]}]
[debug] [35m[BaseDriver][39m Event 'newSessionRequested' logged at 1701057561793 (11:59:21 GMT+0800 (Singapore Standard Time))
[35m[BaseDriver][39m The following capabilities are not standard capabilities and should have an extension prefix:
[35m[BaseDriver][39m   platform
[35m[BaseDriver][39m   chromedriverPort
[35m[Appium][39m Appium v1.22.3 creating new AndroidUiautomator2Driver (v1.70.1) session
[debug] [35m[BaseDriver][39m W3C capabilities and MJSONWP desired capabilities were provided
[debug] [35m[BaseDriver][39m Creating session with W3C capabilities: {
[debug] [35m[BaseDriver][39m   "alwaysMatch": {
[debug] [35m[BaseDriver][39m     "appium:platform": "ANDROID",
[debug] [35m[BaseDriver][39m     "platformName": "android",
[debug] [35m[BaseDriver][39m     "appium:chromedriverPort": 54706,
[debug] [35m[BaseDriver][39m     "appium:appActivity": ".Settings",
[debug] [35m[BaseDriver][39m     "appium:appPackage": "com.android.settings",
[debug] [35m[BaseDriver][39m     "appium:autoGrantPermissions": true,
[debug] [35m[BaseDriver][39m     "appium:automationName": "uiautomator2",
[debug] [35m[BaseDriver][39m     "appium:deviceName": "OPPO CPH2059 (Android 11)",
[debug] [35m[BaseDriver][39m     "appium:newCommandTimeout": 1800,
[debug] [35m[BaseDriver][39m     "appium:platformVersion": "11",
[debug] [35m[BaseDriver][39m     "appium:systemPort": 8243,
[debug] [35m[BaseDriver][39m     "appium:udid": "a819ec3e"
[debug] [35m[BaseDriver][39m   },
[debug] [35m[BaseDriver][39m   "firstMatch": [
[debug] [35m[BaseDriver][39m     {}
[debug] [35m[BaseDriver][39m   ]
[debug] [35m[BaseDriver][39m }
[35m[BaseDriver][39m The following capabilities were provided, but are not recognized by Appium:
[35m[BaseDriver][39m   platform
[35m[BaseDriver][39m Session created with session id: 28b237c0-6721-4557-9844-6349a4399b98
[35m[UiAutomator2][39m Starting 'com.android.settings' directly on the device
[35m[ADB][39m Found 1 'build-tools' folders under 'C:\Users\HP\.katalon\tools\android_sdk' (newest first):
[35m[ADB][39m     C:/Users/HP/.katalon/tools/android_sdk/build-tools/29.0.3
[35m[ADB][39m Using 'adb.exe' from 'C:\Users\HP\.katalon\tools\android_sdk\platform-tools\adb.exe'
[debug] [35m[ADB][39m Running 'C:\Users\HP\.katalon\tools\android_sdk\platform-tools\adb.exe -P 5037 start-server'
[35m[AndroidDriver][39m Retrieving device list
[debug] [35m[ADB][39m Trying to find a connected android device
[debug] [35m[ADB][39m Getting connected devices
[debug] [35m[ADB][39m Connected devices: [{"udid":"a819ec3e","state":"device"}]
[35m[AndroidDriver][39m Using device: a819ec3e
[35m[ADB][39m Using 'adb.exe' from 'C:\Users\HP\.katalon\tools\android_sdk\platform-tools\adb.exe'
[debug] [35m[ADB][39m Running 'C:\Users\HP\.katalon\tools\android_sdk\platform-tools\adb.exe -P 5037 start-server'
[debug] [35m[ADB][39m Setting device id to a819ec3e
[debug] [35m[ADB][39m Running 'C:\Users\HP\.katalon\tools\android_sdk\platform-tools\adb.exe -P 5037 -s a819ec3e shell getprop ro.build.version.sdk'
[debug] [35m[ADB][39m Current device property 'ro.build.version.sdk': 30
[35m[ADB][39m Getting device platform version
[debug] [35m[ADB][39m Running 'C:\Users\HP\.katalon\tools\android_sdk\platform-tools\adb.exe -P 5037 -s a819ec3e shell getprop ro.build.version.release'
[debug] [35m[ADB][39m Current device property 'ro.build.version.release': 11
[debug] [35m[ADB][39m Device API level: 30
[35m[UiAutomator2][39m Relaxing hidden api policy
[debug] [35m[ADB][39m Running 'C:\Users\HP\.katalon\tools\android_sdk\platform-tools\adb.exe -P 5037 -s a819ec3e shell 'settings put global hidden_api_policy_pre_p_apps 1;settings put global hidden_api_policy_p_apps 1;settings put global hidden_api_policy 1''
[35m[AndroidDriver][39m No app sent in, not parsing package/activity
[debug] [35m[ADB][39m Running 'C:\Users\HP\.katalon\tools\android_sdk\platform-tools\adb.exe -P 5037 -s a819ec3e wait-for-device'
[debug] [35m[ADB][39m Running 'C:\Users\HP\.katalon\tools\android_sdk\platform-tools\adb.exe -P 5037 -s a819ec3e shell echo ping'
[debug] [35m[AndroidDriver][39m Pushing settings apk to device...
[debug] [35m[ADB][39m Getting install status for io.appium.settings
[debug] [35m[ADB][39m Running 'C:\Users\HP\.katalon\tools\android_sdk\platform-tools\adb.exe -P 5037 -s a819ec3e shell dumpsys package io.appium.settings'
[debug] [35m[ADB][39m 'io.appium.settings' is installed
[debug] [35m[ADB][39m Getting package info for 'io.appium.settings'
[debug] [35m[ADB][39m Running 'C:\Users\HP\.katalon\tools\android_sdk\platform-tools\adb.exe -P 5037 -s a819ec3e shell dumpsys package io.appium.settings'
[debug] [35m[ADB][39m The version name of the installed 'io.appium.settings' is greater or equal to the application version name ('3.4.0' >= '3.4.0')
[debug] [35m[ADB][39m There is no need to install/upgrade 'C:\Users\HP\AppData\Roaming\npm\node_modules\appium\node_modules\io.appium.settings\apks\settings_apk-debug.apk'
[debug] [35m[ADB][39m Getting IDs of all 'io.appium.settings' processes
[debug] [35m[ADB][39m Running 'C:\Users\HP\.katalon\tools\android_sdk\platform-tools\adb.exe -P 5037 -s a819ec3e shell 'pgrep --help; echo $?''
[debug] [35m[ADB][39m Running 'C:\Users\HP\.katalon\tools\android_sdk\platform-tools\adb.exe -P 5037 -s a819ec3e shell pgrep -f \(\[\[:blank:\]\]\|\^\)io\.appium\.settings\(\[\[:blank:\]\]\|\$\)'
[debug] [35m[AndroidDriver][39m io.appium.settings is already running. There is no need to reset its permissions.
[debug] [35m[ADB][39m Running 'C:\Users\HP\.katalon\tools\android_sdk\platform-tools\adb.exe -P 5037 -s a819ec3e shell appops set io.appium.settings android:mock_location allow'
[debug] [35m[Logcat][39m Starting logs capture with command: C:\\Users\\HP\\.katalon\\tools\\android_sdk\\platform-tools\\adb.exe -P 5037 -s a819ec3e logcat -v threadtime
[debug] [35m[UiAutomator2][39m Forwarding UiAutomator2 Server port 6790 to local port 8243
[debug] [35m[ADB][39m Forwarding system: 8243 to device: 6790
[debug] [35m[ADB][39m Running 'C:\Users\HP\.katalon\tools\android_sdk\platform-tools\adb.exe -P 5037 -s a819ec3e forward tcp:8243 tcp:6790'
[debug] [35m[ADB][39m Getting install status for io.appium.uiautomator2.server
[debug] [35m[ADB][39m Running 'C:\Users\HP\.katalon\tools\android_sdk\platform-tools\adb.exe -P 5037 -s a819ec3e shell dumpsys package io.appium.uiautomator2.server'
[debug] [35m[ADB][39m 'io.appium.uiautomator2.server' is installed
[debug] [35m[ADB][39m Getting package info for 'io.appium.uiautomator2.server'
[debug] [35m[ADB][39m Running 'C:\Users\HP\.katalon\tools\android_sdk\platform-tools\adb.exe -P 5037 -s a819ec3e shell dumpsys package io.appium.uiautomator2.server'
[debug] [35m[ADB][39m The version name of the installed 'io.appium.uiautomator2.server' is greater or equal to the application version name ('4.27.0' >= '4.27.0')
[debug] [35m[UiAutomator2][39m io.appium.uiautomator2.server installation state: sameVersionInstalled
[debug] [35m[ADB][39m Checking app cert for C:\Users\HP\AppData\Roaming\npm\node_modules\appium\node_modules\appium-uiautomator2-server\apks\appium-uiautomator2-server-v4.27.0.apk
[35m[ADB][39m Using 'apksigner.jar' from 'C:\Users\HP\.katalon\tools\android_sdk\build-tools\29.0.3\lib\apksigner.jar'
[debug] [35m[ADB][39m Starting apksigner: C:\\Users\\HP\\.katalon\\packages\\Katalon_Studio_Windows_64-8.6.8\\Katalon_Studio_Windows_64-8.6.8\\jre\\bin\\java.exe -Xmx1024M -Xss1m -jar C:\\Users\\HP\\.katalon\\tools\\android_sdk\\build-tools\\29.0.3\\lib\\apksigner.jar verify --print-certs C:\\Users\\HP\\AppData\\Roaming\\npm\\node_modules\\appium\\node_modules\\appium-uiautomator2-server\\apks\\appium-uiautomator2-server-v4.27.0.apk
[debug] [35m[ADB][39m apksigner stdout: Signer #1 certificate DN: EMAILADDRESS=android@android.com, CN=Android, OU=Android, O=Android, L=Mountain View, ST=California, C=US
[debug] [35m[ADB][39m Signer #1 certificate SHA-256 digest: a40da80a59d170caa950cf15c18c454d47a39b26989d8b640ecd745ba71bf5dc
[debug] [35m[ADB][39m Signer #1 certificate SHA-1 digest: 61ed377e85d386a8dfee6b864bd85b0bfaa5af81
[debug] [35m[ADB][39m Signer #1 certificate MD5 digest: e89b158e4bcf988ebd09eb83f5378e87
[debug] [35m[ADB][39m 
[debug] [35m[ADB][39m sha256 hash did match for 'appium-uiautomator2-server-v4.27.0.apk'
[35m[ADB][39m 'C:\Users\HP\AppData\Roaming\npm\node_modules\appium\node_modules\appium-uiautomator2-server\apks\appium-uiautomator2-server-v4.27.0.apk' is signed with the default certificate
[debug] [35m[ADB][39m Getting install status for io.appium.uiautomator2.server.test
[debug] [35m[ADB][39m Running 'C:\Users\HP\.katalon\tools\android_sdk\platform-tools\adb.exe -P 5037 -s a819ec3e shell dumpsys package io.appium.uiautomator2.server.test'
[debug] [35m[ADB][39m 'io.appium.uiautomator2.server.test' is installed
[debug] [35m[ADB][39m Checking app cert for C:\Users\HP\AppData\Roaming\npm\node_modules\appium\node_modules\appium-uiautomator2-server\apks\appium-uiautomator2-server-debug-androidTest.apk
[debug] [35m[ADB][39m Starting apksigner: C:\\Users\\HP\\.katalon\\packages\\Katalon_Studio_Windows_64-8.6.8\\Katalon_Studio_Windows_64-8.6.8\\jre\\bin\\java.exe -Xmx1024M -Xss1m -jar C:\\Users\\HP\\.katalon\\tools\\android_sdk\\build-tools\\29.0.3\\lib\\apksigner.jar verify --print-certs C:\\Users\\HP\\AppData\\Roaming\\npm\\node_modules\\appium\\node_modules\\appium-uiautomator2-server\\apks\\appium-uiautomator2-server-debug-androidTest.apk
[debug] [35m[ADB][39m apksigner stdout: Signer #1 certificate DN: EMAILADDRESS=android@android.com, CN=Android, OU=Android, O=Android, L=Mountain View, ST=California, C=US
[debug] [35m[ADB][39m Signer #1 certificate SHA-256 digest: a40da80a59d170caa950cf15c18c454d47a39b26989d8b640ecd745ba71bf5dc
[debug] [35m[ADB][39m Signer #1 certificate SHA-1 digest: 61ed377e85d386a8dfee6b864bd85b0bfaa5af81
[debug] [35m[ADB][39m Signer #1 certificate MD5 digest: e89b158e4bcf988ebd09eb83f5378e87
[debug] [35m[ADB][39m 
[debug] [35m[ADB][39m sha256 hash did match for 'appium-uiautomator2-server-debug-androidTest.apk'
[35m[ADB][39m 'C:\Users\HP\AppData\Roaming\npm\node_modules\appium\node_modules\appium-uiautomator2-server\apks\appium-uiautomator2-server-debug-androidTest.apk' is signed with the default certificate
[35m[UiAutomator2][39m Server packages are not going to be (re)installed
[debug] [35m[UiAutomator2][39m Waiting up to 30000ms for services to be available
[debug] [35m[ADB][39m Running 'C:\Users\HP\.katalon\tools\android_sdk\platform-tools\adb.exe -P 5037 -s a819ec3e shell pm list instrumentation'
[debug] [35m[UiAutomator2][39m Instrumentation target 'io.appium.uiautomator2.server.test/androidx.test.runner.AndroidJUnitRunner' is available
[35m[ADB][39m Adding packages ["io.appium.settings","io.appium.uiautomator2.server","io.appium.uiautomator2.server.test"] to Doze whitelist
[debug] [35m[ADB][39m Got the following command chunks to execute: [["dumpsys","deviceidle","whitelist","+io.appium.settings",";","dumpsys","deviceidle","whitelist","+io.appium.uiautomator2.server",";","dumpsys","deviceidle","whitelist","+io.appium.uiautomator2.server.test",";"]]
[debug] [35m[ADB][39m Running 'C:\Users\HP\.katalon\tools\android_sdk\platform-tools\adb.exe -P 5037 -s a819ec3e shell dumpsys deviceidle whitelist +io.appium.settings ; dumpsys deviceidle whitelist +io.appium.uiautomator2.server ; dumpsys deviceidle whitelist +io.appium.uiautomator2.server.test ;'
[debug] [35m[UiAutomator2][39m No app capability. Assuming it is already on the device
[debug] [35m[ADB][39m Getting install status for com.android.settings
[debug] [35m[ADB][39m Running 'C:\Users\HP\.katalon\tools\android_sdk\platform-tools\adb.exe -P 5037 -s a819ec3e shell dumpsys package com.android.settings'
[debug] [35m[ADB][39m 'com.android.settings' is installed
[debug] [35m[ADB][39m Running 'C:\Users\HP\.katalon\tools\android_sdk\platform-tools\adb.exe -P 5037 -s a819ec3e shell am force-stop com.android.settings'
[debug] [35m[ADB][39m Running 'C:\Users\HP\.katalon\tools\android_sdk\platform-tools\adb.exe -P 5037 -s a819ec3e shell pm clear com.android.settings'
[debug] [35m[ADB][39m Running 'C:\Users\HP\.katalon\tools\android_sdk\platform-tools\adb.exe -P 5037 -s a819ec3e shell dumpsys package com.android.settings'
[debug] [35m[ADB][39m Retrieving requested permissions
[debug] [35m[ADB][39m Retrieved 269 permissions from requested group
[debug] [35m[ADB][39m Retrieving granted permissions
[debug] [35m[ADB][39m Retrieved 183 permissions from install,runtime groups
[debug] [35m[ADB][39m Granting permissions ["android.launcher.permission.READ_SETTINGS","android.launcher.permission.WRITE_SETTINGS","android.permission.ACCESS_WIMAX_STATE","android.permission.CHANGE_WIMAX_STATE"] to 'com.android.settings'
[debug] [35m[ADB][39m Got the following command chunks to execute: [["pm","grant","com.android.settings","android.launcher.permission.READ_SETTINGS",";","pm","grant","com.android.settings","android.launcher.permission.WRITE_SETTINGS",";","pm","grant","com.android.settings","android.permission.ACCESS_WIMAX_STATE",";","pm","grant","com.android.settings","android.permission.CHANGE_WIMAX_STATE",";"]]
[debug] [35m[ADB][39m Running 'C:\Users\HP\.katalon\tools\android_sdk\platform-tools\adb.exe -P 5037 -s a819ec3e shell pm grant com.android.settings android.launcher.permission.READ_SETTINGS ; pm grant com.android.settings android.launcher.permission.WRITE_SETTINGS ; pm grant com.android.settings android.permission.ACCESS_WIMAX_STATE ; pm grant com.android.settings android.permission.CHANGE_WIMAX_STATE ;'
[debug] [35m[AndroidDriver][39m Performed fast reset on the installed 'com.android.settings' application (stop and clear)
[debug] [35m[UiAutomator2][39m Performing shallow cleanup of automation leftovers
[debug] [35m[UiAutomator2][39m The following obsolete sessions are still running: ["27630e2d-2608-42c8-b399-8a196ae75fa3"]
[debug] [35m[UiAutomator2][39m Cleaning up 1 obsolete session
[debug] [35m[ADB][39m Running 'C:\Users\HP\.katalon\tools\android_sdk\platform-tools\adb.exe -P 5037 -s a819ec3e shell am force-stop io.appium.uiautomator2.server.test'
[35m[UiAutomator2][39m Starting UIAutomator2 server 4.27.0
[35m[UiAutomator2][39m Using UIAutomator2 server from 'C:\Users\HP\AppData\Roaming\npm\node_modules\appium\node_modules\appium-uiautomator2-server\apks\appium-uiautomator2-server-v4.27.0.apk' and test from 'C:\Users\HP\AppData\Roaming\npm\node_modules\appium\node_modules\appium-uiautomator2-server\apks\appium-uiautomator2-server-debug-androidTest.apk'
[35m[UiAutomator2][39m Waiting up to 30000ms for UiAutomator2 to be online...
[debug] [35m[ADB][39m Creating ADB subprocess with args: ["-P",5037,"-s","a819ec3e","shell","am","instrument","-w","-e","disableAnalytics",true,"io.appium.uiautomator2.server.test/androidx.test.runner.AndroidJUnitRunner"]
[debug] [35m[WD Proxy][39m Matched '/status' to command name 'getStatus'
[debug] [35m[WD Proxy][39m Proxying [GET /status] to [GET http://127.0.0.1:8243/wd/hub/status] with no body
[35m[WD Proxy][39m socket hang up
[debug] [35m[WD Proxy][39m Matched '/status' to command name 'getStatus'
[debug] [35m[WD Proxy][39m Proxying [GET /status] to [GET http://127.0.0.1:8243/wd/hub/status] with no body
[35m[WD Proxy][39m socket hang up
[debug] [35m[Instrumentation][39m io.appium.uiautomator2.server.test.AppiumUiAutomator2Server:
[debug] [35m[WD Proxy][39m Matched '/status' to command name 'getStatus'
[debug] [35m[WD Proxy][39m Proxying [GET /status] to [GET http://127.0.0.1:8243/wd/hub/status] with no body
[35m[WD Proxy][39m socket hang up
[debug] [35m[WD Proxy][39m Matched '/status' to command name 'getStatus'
[debug] [35m[WD Proxy][39m Proxying [GET /status] to [GET http://127.0.0.1:8243/wd/hub/status] with no body
[debug] [35m[WD Proxy][39m Got response with status 200: {"sessionId":"None","value":{"message":"UiAutomator2 Server is ready to accept commands","ready":true}}
[debug] [35m[UiAutomator2][39m The initialization of the instrumentation process took 3141ms
[debug] [35m[WD Proxy][39m Matched '/session' to command name 'createSession'
[debug] [35m[WD Proxy][39m Proxying [POST /session] to [POST http://127.0.0.1:8243/wd/hub/session] with body: {"capabilities":{"firstMatch":[{"platform":"ANDROID","webStorageEnabled":false,"takesScreenshot":true,"javascriptEnabled":true,"databaseEnabled":false,"networkConnectionEnabled":true,"locationContextEnabled":false,"warnings":{},"desired":{"platformName":"android","platform":"ANDROID","chromedriverPort":54706,"appActivity":".Settings","appPackage":"com.android.settings","autoGrantPermissions":true,"automationName":"uiautomator2","deviceName":"OPPO CPH2059 (Android 11)","newCommandTimeout":1800,"platformVersion":"11","systemPort":8243,"udid":"a819ec3e"},"platformName":"android","chromedriverPort":54706,"appActivity":".Settings","appPackage":"com.android.settings","autoGrantPermissions":true,"automationName":"uiautomator2","deviceName":"a819ec3e","newCommandTimeout":1800,"platformVersion":"11","systemPort":8243,"udid":"a819ec3e","deviceUDID":"a819ec3e"}],"alwaysMatch":{}}}
[debug] [35m[WD Proxy][39m Got response with status 200: {"sessionId":"5305ee07-e8ab-4f46-8378-4766c30a1117","value":{"capabilities":{"firstMatch":[{"platform":"ANDROID","webStorageEnabled":false,"takesScreenshot":true,"javascriptEnabled":true,"databaseEnabled":false,"networkConnectionEnabled":true,"locationContextEnabled":false,"warnings":{},"desired":{"platformName":"android","platform":"ANDROID","chromedriverPort":54706,"appActivity":".Settings","appPackage":"com.android.settings","autoGrantPermissions":true,"automationName":"uiautomator2","deviceName":"OPPO CPH2059 (Android 11)","newCommandTimeout":1800,"platformVersion":"11","systemPort":8243,"udid":"a819ec3e"},"platformName":"android","chromedriverPort":54706,"appActivity":".Settings","appPackage":"com.android.settings","autoGrantPermissions":true,"automationName":"uiautomator2","deviceName":"a819ec3e","newCommandTimeout":1800,"platformVersion":"11","systemPort":8243,"udid":"a819ec3e","deviceUDID":"a819ec3e"}],"alwaysMatch":{}},"sessionId":"5305ee07-e8ab-4f46-8378-4766c30a1117"}}
[35m[WD Proxy][39m Determined the downstream protocol as 'W3C'
[debug] [35m[WD Proxy][39m Proxying [GET /appium/device/info] to [GET http://127.0.0.1:8243/wd/hub/session/5305ee07-e8ab-4f46-8378-4766c30a1117/appium/device/info] with no body
[debug] [35m[WD Proxy][39m Got response with status 200: {"sessionId":"5305ee07-e8ab-4f46-8378-4766c30a1117","value":{"androidId":"f8a0e95159098e77","apiVersion":"30","bluetooth":{"state":"ON"},"brand":"OPPO","carrierName":"","displayDensity":480,"locale":"en_US","manufacturer":"OPPO","model":"CPH2059","networks":[{"capabilities":{"SSID":null,"linkDownBandwidthKbps":407628,"linkUpstreamBandwidthKbps":387247,"networkCapabilities":"NET_CAPABILITY_NOT_METERED,NET_CAPABILITY_INTERNET,NET_CAPABILITY_NOT_RESTRICTED,NET_CAPABILITY_TRUSTED,NET_CAPABILITY_NOT_VPN,NET_CAPABILITY_VALIDATED,NET_CAPABILITY_NOT_ROAMING,NET_CAPABILITY_FOREGROUND,NET_CAPABILITY_NOT_CONGESTED,NET_CAPABILITY_NOT_SUSPENDED","signalStrength":-56,"transportTypes":"TRANSPORT_WIFI"},"detailedState":"CONNECTED","extraInfo":"","isAvailable":true,"isConnected":true,"isFailover":false,"isRoaming":false,"state":"CONNECTED","subtype":0,"subtypeName":"","type":1,"typeName":"WIFI"}],"platformVersion":"11","realDisplaySize":"1080x2400","timeZone":"Asia/Kuala_Lumpur"}}
[debug] [35m[ADB][39m Running 'C:\Users\HP\.katalon\tools\android_sdk\platform-tools\adb.exe -P 5037 -s a819ec3e shell dumpsys window'
[35m[AndroidDriver][39m Screen already unlocked, doing nothing
[35m[UiAutomator2][39m Starting 'com.android.settings/.Settings and waiting for 'com.android.settings/.Settings'
[debug] [35m[ADB][39m Running 'C:\Users\HP\.katalon\tools\android_sdk\platform-tools\adb.exe -P 5037 -s a819ec3e shell am start -W -n com.android.settings/.Settings -S -a android.intent.action.MAIN -c android.intent.category.LAUNCHER -f 0x10200000'
[debug] [35m[WD Proxy][39m Proxying [GET /appium/device/pixel_ratio] to [GET http://127.0.0.1:8243/wd/hub/session/5305ee07-e8ab-4f46-8378-4766c30a1117/appium/device/pixel_ratio] with no body
[debug] [35m[WD Proxy][39m Got response with status 200: {"sessionId":"5305ee07-e8ab-4f46-8378-4766c30a1117","value":3}
[debug] [35m[WD Proxy][39m Matched '/appium/device/system_bars' to command name 'getSystemBars'
[debug] [35m[WD Proxy][39m Proxying [GET /appium/device/system_bars] to [GET http://127.0.0.1:8243/wd/hub/session/5305ee07-e8ab-4f46-8378-4766c30a1117/appium/device/system_bars] with no body
[debug] [35m[WD Proxy][39m Got response with status 200: {"sessionId":"5305ee07-e8ab-4f46-8378-4766c30a1117","value":{"statusBar":110}}
[debug] [35m[WD Proxy][39m Matched '/window/current/size' to command name 'getWindowSize'
[debug] [35m[WD Proxy][39m Proxying [GET /window/current/size] to [GET http://127.0.0.1:8243/wd/hub/session/5305ee07-e8ab-4f46-8378-4766c30a1117/window/current/size] with no body
[debug] [35m[WD Proxy][39m Got response with status 200: {"sessionId":"5305ee07-e8ab-4f46-8378-4766c30a1117","value":{"height":2158,"width":1080}}
[35m[Appium][39m New AndroidUiautomator2Driver session created successfully, session 28b237c0-6721-4557-9844-6349a4399b98 added to master session list
[debug] [35m[BaseDriver][39m Event 'newSessionStarted' logged at 1701057572245 (11:59:32 GMT+0800 (Singapore Standard Time))
[debug] [35m[W3C (28b237c0)][39m Cached the protocol value 'W3C' for the new session 28b237c0-6721-4557-9844-6349a4399b98
[debug] [35m[W3C (28b237c0)][39m Responding to client with driver.createSession() result: {"capabilities":{"platform":"ANDROID","webStorageEnabled":false,"takesScreenshot":true,"javascriptEnabled":true,"databaseEnabled":false,"networkConnectionEnabled":true,"locationContextEnabled":false,"warnings":{},"desired":{"platformName":"android","platform":"ANDROID","chromedriverPort":54706,"appActivity":".Settings","appPackage":"com.android.settings","autoGrantPermissions":true,"automationName":"uiautomator2","deviceName":"OPPO CPH2059 (Android 11)","newCommandTimeout":1800,"platformVersion":"11","systemPort":8243,"udid":"a819ec3e"},"platformName":"android","chromedriverPort":54706,"appActivity":".Settings","appPackage":"com.android.settings","autoGrantPermissions":true,"automationName":"uiautomator2","deviceName":"a819ec3e","newCommandTimeout":1800,"platformVersion":"11","systemPort":8243,"udid":"a819ec3e","deviceUDID":"a819ec3e","deviceApiLevel":30,"deviceScreenSize":"1080x2400","deviceScreenDensity":480,"deviceModel":"CPH2059","deviceManufacturer":"OPPO","pixelRatio":3,"statBarHeight":110,"viewportR...
[35m[HTTP][39m [37m<-- POST /wd/hub/session [39m[32m200[39m [90m10454 ms - 1136[39m
[35m[HTTP][39m [90m[39m
[35m[HTTP][39m [37m-->[39m [37mGET[39m [37m/wd/hub/session/28b237c0-6721-4557-9844-6349a4399b98[39m
[35m[HTTP][39m [90m{}[39m
[debug] [35m[W3C (28b237c0)][39m Calling AppiumDriver.getSession() with args: ["28b237c0-6721-4557-9844-6349a4399b98"]
[debug] [35m[UiAutomator2][39m Getting session details from server to mix in
[debug] [35m[WD Proxy][39m Matched '/' to command name 'getSession'
[debug] [35m[WD Proxy][39m Proxying [GET /] to [GET http://127.0.0.1:8243/wd/hub/session/5305ee07-e8ab-4f46-8378-4766c30a1117] with no body
[debug] [35m[WD Proxy][39m Got response with status 200: {"sessionId":"5305ee07-e8ab-4f46-8378-4766c30a1117","value":{"lastScrollData":null}}
[debug] [35m[W3C (28b237c0)][39m Responding to client with driver.getSession() result: {"platform":"ANDROID","webStorageEnabled":false,"takesScreenshot":true,"javascriptEnabled":true,"databaseEnabled":false,"networkConnectionEnabled":true,"locationContextEnabled":false,"warnings":{},"desired":{"platformName":"android","platform":"ANDROID","chromedriverPort":54706,"appActivity":".Settings","appPackage":"com.android.settings","autoGrantPermissions":true,"automationName":"uiautomator2","deviceName":"OPPO CPH2059 (Android 11)","newCommandTimeout":1800,"platformVersion":"11","systemPort":8243,"udid":"a819ec3e"},"platformName":"android","chromedriverPort":54706,"appActivity":".Settings","appPackage":"com.android.settings","autoGrantPermissions":true,"automationName":"uiautomator2","deviceName":"a819ec3e","newCommandTimeout":1800,"platformVersion":"11","systemPort":8243,"udid":"a819ec3e","deviceUDID":"a819ec3e","deviceApiLevel":30,"deviceScreenSize":"1080x2400","deviceScreenDensity":480,"deviceModel":"CPH2059","deviceManufacturer":"OPPO","pixelRatio":3,"statBarHeight":110,"viewportRect":{"left":0,"...
[35m[HTTP][39m [37m<-- GET /wd/hub/session/28b237c0-6721-4557-9844-6349a4399b98 [39m[32m200[39m [90m17 ms - 1090[39m
[35m[HTTP][39m [90m[39m
[35m[HTTP][39m [37m-->[39m [37mGET[39m [37m/wd/hub/session/28b237c0-6721-4557-9844-6349a4399b98[39m
[35m[HTTP][39m [90m{}[39m
[debug] [35m[W3C (28b237c0)][39m Calling AppiumDriver.getSession() with args: ["28b237c0-6721-4557-9844-6349a4399b98"]
[debug] [35m[UiAutomator2][39m Getting session details from server to mix in
[debug] [35m[WD Proxy][39m Matched '/' to command name 'getSession'
[debug] [35m[WD Proxy][39m Proxying [GET /] to [GET http://127.0.0.1:8243/wd/hub/session/5305ee07-e8ab-4f46-8378-4766c30a1117] with no body
[debug] [35m[WD Proxy][39m Got response with status 200: {"sessionId":"5305ee07-e8ab-4f46-8378-4766c30a1117","value":{"lastScrollData":null}}
[debug] [35m[W3C (28b237c0)][39m Responding to client with driver.getSession() result: {"platform":"ANDROID","webStorageEnabled":false,"takesScreenshot":true,"javascriptEnabled":true,"databaseEnabled":false,"networkConnectionEnabled":true,"locationContextEnabled":false,"warnings":{},"desired":{"platformName":"android","platform":"ANDROID","chromedriverPort":54706,"appActivity":".Settings","appPackage":"com.android.settings","autoGrantPermissions":true,"automationName":"uiautomator2","deviceName":"OPPO CPH2059 (Android 11)","newCommandTimeout":1800,"platformVersion":"11","systemPort":8243,"udid":"a819ec3e"},"platformName":"android","chromedriverPort":54706,"appActivity":".Settings","appPackage":"com.android.settings","autoGrantPermissions":true,"automationName":"uiautomator2","deviceName":"a819ec3e","newCommandTimeout":1800,"platformVersion":"11","systemPort":8243,"udid":"a819ec3e","deviceUDID":"a819ec3e","deviceApiLevel":30,"deviceScreenSize":"1080x2400","deviceScreenDensity":480,"deviceModel":"CPH2059","deviceManufacturer":"OPPO","pixelRatio":3,"statBarHeight":110,"viewportRect":{"left":0,"...
[35m[HTTP][39m [37m<-- GET /wd/hub/session/28b237c0-6721-4557-9844-6349a4399b98 [39m[32m200[39m [90m11 ms - 1090[39m
[35m[HTTP][39m [90m[39m
[35m[HTTP][39m [37m-->[39m [37mGET[39m [37m/wd/hub/status[39m
[35m[HTTP][39m [90m{}[39m
[debug] [35m[GENERIC][39m Calling AppiumDriver.getStatus() with args: []
[debug] [35m[GENERIC][39m Responding to client with driver.getStatus() result: {"build":{"version":"1.22.3"}}
[35m[HTTP][39m [37m<-- GET /wd/hub/status [39m[32m200[39m [90m1 ms - 68[39m
[35m[HTTP][39m [90m[39m
[35m[HTTP][39m [37m-->[39m [37mPOST[39m [37m/wd/hub/session/28b237c0-6721-4557-9844-6349a4399b98/timeouts[39m
[35m[HTTP][39m [90m{"implicit":60000}[39m
[debug] [35m[W3C (28b237c0)][39m Calling AppiumDriver.timeouts() with args: [null,null,null,null,60000,"28b237c0-6721-4557-9844-6349a4399b98"]
[debug] [35m[BaseDriver][39m W3C timeout argument: {"implicit":60000}}
[debug] [35m[BaseDriver][39m Set implicit wait to 60000ms
[debug] [35m[W3C (28b237c0)][39m Responding to client with driver.timeouts() result: null
[35m[HTTP][39m [37m<-- POST /wd/hub/session/28b237c0-6721-4557-9844-6349a4399b98/timeouts [39m[32m200[39m [90m4 ms - 14[39m
[35m[HTTP][39m [90m[39m
[35m[HTTP][39m [37m-->[39m [37mGET[39m [37m/wd/hub/session/28b237c0-6721-4557-9844-6349a4399b98/screenshot[39m
[35m[HTTP][39m [90m{}[39m
[debug] [35m[W3C (28b237c0)][39m Calling AppiumDriver.getScreenshot() with args: ["28b237c0-6721-4557-9844-6349a4399b98"]
[debug] [35m[WD Proxy][39m Matched '/screenshot' to command name 'getScreenshot'
[debug] [35m[WD Proxy][39m Proxying [GET /screenshot] to [GET http://127.0.0.1:8243/wd/hub/session/5305ee07-e8ab-4f46-8378-4766c30a1117/screenshot] with no body
[debug] [35m[WD Proxy][39m Got response with status 200: {"sessionId":"5305ee07-e8ab-4f46-8378-4766c30a1117","value":"iVBORw0KGgoAAAANSUhEUgAABDgAAAlgCAYAAABtGofVAAAAAXNSR0IArs4c6QAAAARzQklUCAgI\nCHwIZIgAACAASURBVHic7N13fBTl9vjxzzOzu0noiHQRBBQbCgaQLthAFJDqDxG8StGrV6/Xr4Dl\ni4IFRPB+r147yLWjNKWjIE0ElX5VpEiXDtJDkt15nt8fszvZTSMhGyB63r7WbJmdfSYJmZkz55xH\nAQYhhBBCCCGEEEKIIsw62wMQQgghhBBCCCGEKCgJcAghhBBCCCGEEKLIkwCHEEIIIYQQQgghijwJ\ncAghhBBCCCGEEKLIkwCHEEIIIYQQQgghijwJcAghhBBCCCGEEKLIkwCHEEIIIYQQQgghijwJcAgh\nhBBCCCGEEKLIkwCHEEIIIYQQQgghijwJcAghhBBCCCGEEKLIkwCHEEIIIYQQQgghijwJcAghhBBC\nCCGEEKLIkwCHEEIIIYQQQgghijwJcAghhBBCCCGEEKLIkwCHEEIIIYQQQgghijwJcAghhBBCCCGE\nEKLIkwCHEEIIIYQQQgghijwJcAghhBBCCCGEEKLIkwCHEEIIIYQQQgghijwJcAghhBBCCCGEEKLI\nkwCHEEIIIYQQQgghijwJcAghhBBCCCGEEKLIkwCHEEIIIYQQQgghijwJcAghhBBCCCGEEKLIkwCH\nEEIIIYQQQgghijwJcAghhBBCCCGEEKLIkwCHEEIIIYQQQgghijwJcAghhBBCCCGEEKLIkwCHEEII\nIYQQQgghijwJcAghhBBCCCGEEKLIkwCHEEIIIYQQQgghijwJcAghhBBCCCGEEKLIkwCHEEIIIYQQ\nQgghijwJcAghhBBCCCGEEKLIkwCHEEIIIYQQQgghijwJcAghhBBCCCGEEKLIkwCHEEIIIYQQQggh\nijwJcAghhBBCCCGEEKLIkwCH...
[debug] [35m[W3C (28b237c0)][39m Responding to client with driver.getScreenshot() result: "iVBORw0KGgoAAAANSUhEUgAABDgAAAlgCAYAAABtGofVAAAAAXNSR0IArs4c6QAAAARzQklUCAgI\nCHwIZIgAACAASURBVHic7N13fBTl9vjxzzOzu0noiHQRBBQbCgaQLthAFJDqDxG8StGrV6/Xr4Dl\ni4IFRPB+r147yLWjNKWjIE0ElX5VpEiXDtJDkt15nt8fszvZTSMhGyB63r7WbJmdfSYJmZkz55xH\nAQYhhBBCCCGEEEKIIsw62wMQQgghhBBCCCGEKCgJcAghhBBCCCGEEKLIkwCHEEIIIYQQQgghijwJ\ncAghhBBCCCGEEKLIkwCHEEIIIYQQQgghijwJcAghhBBCCCGEEKLIkwCHEEIIIYQQQgghijwJcAgh\nhBBCCCGEEKLIkwCHEEIIIYQQQgghijwJcAghhBBCCCGEEKLIkwCHEEIIIYQQQgghijwJcAghhBBC\nCCGEEKLIkwCHEEIIIYQQQgghijwJcAghhBBCCCGEEKLIkwCHEEIIIYQQQgghijwJcAghhBBCCCGE\nEKLIkwCHEEIIIYQQQgghijwJcAghhBBCCCGEEKLIkwCHEEIIIYQQQgghijwJcAghhBBCCCGEEKLI\nkwCHEEIIIYQQQgghijwJcAghhBBCCCGEEKLIkwCHEEIIIYQQQgghijwJcAghhBBCCCGEEKLIkwCH\nEEIIIYQQQgghijwJcAghhBBCCCGEEKLIkwCHEEIIIYQQQgghijwJcAghhBBCCCGEEKLIkwCHEEII\nIYQQQgghijwJcAghhBBCCCGEEKLIkwCHEEIIIYQQQgghijwJcAghhBBCCCGEEKLIkwCHEEIIIYQQ\nQgghijwJcAghhBBCCCGEEKLIkwCHEEIIIYQQQgghijwJcAghhBBCCCGEEKLIkwCHEEIIIYQQQggh\nijwJcAghhBBCCCGEEKLIkwCHEEIIIYQQQgghijwJcAghhBBCCCGEEKLIkwCHEEIIIYQQQgghijwJ\ncAghhB...
[35m[HTTP][39m [37m<-- GET /wd/hub/session/28b237c0-6721-4557-9844-6349a4399b98/screenshot [39m[32m200[39m [90m643 ms - 210112[39m
[35m[HTTP][39m [90m[39m
[35m[HTTP][39m [37m-->[39m [37mGET[39m [37m/wd/hub/session/28b237c0-6721-4557-9844-6349a4399b98/window/rect[39m
[35m[HTTP][39m [90m{}[39m
[debug] [35m[W3C (28b237c0)][39m Calling AppiumDriver.getWindowRect() with args: ["28b237c0-6721-4557-9844-6349a4399b98"]
[debug] [35m[WD Proxy][39m Matched '/window/current/size' to command name 'getWindowSize'
[debug] [35m[WD Proxy][39m Proxying [GET /window/current/size] to [GET http://127.0.0.1:8243/wd/hub/session/5305ee07-e8ab-4f46-8378-4766c30a1117/window/current/size] with no body
[debug] [35m[WD Proxy][39m Got response with status 200: {"sessionId":"5305ee07-e8ab-4f46-8378-4766c30a1117","value":{"height":2158,"width":1080}}
[debug] [35m[W3C (28b237c0)][39m Responding to client with driver.getWindowRect() result: {"width":1080,"height":2158,"x":0,"y":0}
[35m[HTTP][39m [37m<-- GET /wd/hub/session/28b237c0-6721-4557-9844-6349a4399b98/window/rect [39m[32m200[39m [90m21 ms - 50[39m
[35m[HTTP][39m [90m[39m
[35m[HTTP][39m [37m-->[39m [37mGET[39m [37m/wd/hub/session/28b237c0-6721-4557-9844-6349a4399b98/appium/device/system_bars[39m
[35m[HTTP][39m [90m{}[39m
[debug] [35m[W3C (28b237c0)][39m Calling AppiumDriver.getSystemBars() with args: ["28b237c0-6721-4557-9844-6349a4399b98"]
[debug] [35m[ADB][39m Running 'C:\Users\HP\.katalon\tools\android_sdk\platform-tools\adb.exe -P 5037 -s a819ec3e shell dumpsys window windows'
[debug] [35m[W3C (28b237c0)][39m Responding to client with driver.getSystemBars() result: {"statusBar":{"visible":true,"x":0,"y":0,"width":1080,"height":110},"navigationBar":{"visible":true,"x":0,"y":0,"width":1080,"height":132}}
[35m[HTTP][39m [37m<-- GET /wd/hub/session/28b237c0-6721-4557-9844-6349a4399b98/appium/device/system_bars [39m[32m200[39m [90m111 ms - 149[39m
[35m[HTTP][39m [90m[39m
[35m[HTTP][39m [37m-->[39m [37mPOST[39m [37m/wd/hub/session/28b237c0-6721-4557-9844-6349a4399b98/appium/device/activate_app[39m
[35m[HTTP][39m [90m{"bundleId":"com.nextsix.servicemerchant"}[39m
[debug] [35m[W3C (28b237c0)][39m Calling AppiumDriver.activateApp() with args: ["com.nextsix.servicemerchant",null,null,null,"28b237c0-6721-4557-9844-6349a4399b98"]
[debug] [35m[AndroidDriver][39m Activating 'com.nextsix.servicemerchant' with 'adb shell monkey -p com.nextsix.servicemerchant -c android.intent.category.LAUNCHER 1' command
[debug] [35m[ADB][39m Running 'C:\Users\HP\.katalon\tools\android_sdk\platform-tools\adb.exe -P 5037 -s a819ec3e shell monkey -p com.nextsix.servicemerchant -c android.intent.category.LAUNCHER 1'
[debug] [35m[AndroidDriver][39m Command stdout: bash arg: -p
[debug] [35m[AndroidDriver][39m   bash arg: com.nextsix.servicemerchant
[debug] [35m[AndroidDriver][39m   bash arg: -c
[debug] [35m[AndroidDriver][39m   bash arg: android.intent.category.LAUNCHER
[debug] [35m[AndroidDriver][39m   bash arg: 1
[debug] [35m[AndroidDriver][39m Events injected: 1
[debug] [35m[AndroidDriver][39m ## Network stats: elapsed time=44ms (0ms mobile, 0ms wifi, 44ms not connected)
[debug] [35m[W3C (28b237c0)][39m Responding to client with driver.activateApp() result: null
[35m[HTTP][39m [37m<-- POST /wd/hub/session/28b237c0-6721-4557-9844-6349a4399b98/appium/device/activate_app [39m[32m200[39m [90m613 ms - 14[39m
[35m[HTTP][39m [90m[39m
[35m[HTTP][39m [37m-->[39m [37mGET[39m [37m/wd/hub/session/28b237c0-6721-4557-9844-6349a4399b98/source[39m
[35m[HTTP][39m [90m{}[39m
[35m[W3C (28b237c0)][39m Driver proxy active, passing request on via HTTP proxy
[debug] [35m[WD Proxy][39m Matched '/wd/hub/session/28b237c0-6721-4557-9844-6349a4399b98/source' to command name 'getPageSource'
[debug] [35m[WD Proxy][39m Proxying [GET /wd/hub/session/28b237c0-6721-4557-9844-6349a4399b98/source] to [GET http://127.0.0.1:8243/wd/hub/session/5305ee07-e8ab-4f46-8378-4766c30a1117/source] with no body
[debug] [35m[WD Proxy][39m Got response with status 200: {"sessionId":"5305ee07-e8ab-4f46-8378-4766c30a1117","value":"<?xml version='1.0' encoding='UTF-8' standalone='yes' ?>\r\n<hierarchy index=\"0\" class=\"hierarchy\" rotation=\"0\" width=\"1080\" height=\"2158\">\r\n  <android.widget.FrameLayout index=\"0\" package=\"com.nextsix.servicemerchant\" class=\"android.widget.FrameLayout\" text=\"\" checkable=\"false\" checked=\"false\" clickable=\"false\" enabled=\"true\" focusable=\"false\" focused=\"false\" long-clickable=\"false\" password=\"false\" scrollable=\"false\" selected=\"false\" bounds=\"[0,0][1080,2158]\" displayed=\"true\">\r\n    <android.widget.LinearLayout index=\"0\" package=\"com.nextsix.servicemerchant\" class=\"android.widget.LinearLayout\" text=\"\" checkable=\"false\" checked=\"false\" clickable=\"false\" enabled=\"true\" focusable=\"false\" focused=\"false\" long-clickable=\"false\" password=\"false\" scrollable=\"false\" selected=\"false\" bounds=\"[0,0][1080,2158]\" displayed=\"true\">\r\n      <android.widget.FrameLayout index=\"0\" pac...
[35m[WD Proxy][39m Replacing sessionId 5305ee07-e8ab-4f46-8378-4766c30a1117 with 28b237c0-6721-4557-9844-6349a4399b98
[35m[HTTP][39m [37m<-- GET /wd/hub/session/28b237c0-6721-4557-9844-6349a4399b98/source [39m[32m200[39m [90m569 ms - 10394[39m
[35m[HTTP][39m [90m[39m
[35m[HTTP][39m [37m-->[39m [37mGET[39m [37m/wd/hub/session/28b237c0-6721-4557-9844-6349a4399b98/screenshot[39m
[35m[HTTP][39m [90m{}[39m
[debug] [35m[W3C (28b237c0)][39m Calling AppiumDriver.getScreenshot() with args: ["28b237c0-6721-4557-9844-6349a4399b98"]
[debug] [35m[WD Proxy][39m Matched '/screenshot' to command name 'getScreenshot'
[debug] [35m[WD Proxy][39m Proxying [GET /screenshot] to [GET http://127.0.0.1:8243/wd/hub/session/5305ee07-e8ab-4f46-8378-4766c30a1117/screenshot] with no body
[debug] [35m[WD Proxy][39m Got response with status 200: {"sessionId":"5305ee07-e8ab-4f46-8378-4766c30a1117","value":"iVBORw0KGgoAAAANSUhEUgAABDgAAAlgCAYAAABtGofVAAAAAXNSR0IArs4c6QAAAARzQklUCAgI\nCHwIZIgAACAASURBVHic7J13nBzVlbafc6u7ZySNEpJQjogkMMkiGJDIBkROBmOMsdk19jovu/Y6\nrG3Acb2s7TX2Z3tZbANecs45g8lZKCEJocAIlDWxu+75/rhVHUYjzYymR9KY8/x+PdOhuqpud3XV\nve99zzmSvzBSDMMwDMMwDMMwDMMwejFua++AYRiGYRiGYRiGYRhGdzGBwzAMwzAMwzAMwzCMXo8J\nHIZhGIZhGIZhGIZh9HpM4DAMwzAMwzAMwzAMo9djAodhGIZhGIZhGIZhGL0eEzgMwzAMwzAMwzAM\nw+j1mMBhGIZhGIZhGIZhGEavxwQOwzAMwzAMwzAMwzB6PSZwGIZhGIZhGIZhGIbR6zGBwzAMwzAM\nwzAMwzCMXo8JHIZhGIZhGIZhGIZh9HpM4DAMwzAMwzAMwzAMo9djAodhGIZhGIZhGIZhGL0eEzgM\nwzAMwzAMwzAMw+j1mMBhGIZhGIZhGIZhGEavxwQOwzAMwzAMwzAMwzB6PSZwGIZhGIZhGIZhGIbR\n6zGBwzAMwzAMwzAMwzCMXo8JHIZhGIZhGIZhGIZh9HpM4DAMwzAMwzAMwzAMo9djAodhGIZhGIZh\nGIZhGL0eEzgMwzAMwzAMwzAMw+j1mMBhGIZhGIZhGIZhGEavxwQOwzAMwzAMwzAMwzB6PSZwGIZh\nGIZhGIZhGIbR6zGBwzAMwzAMwzAMwzCMXo8JHIZhGIZhGIZhGIZh9HpM4DAMwzAMwzAMwzAMo9dj\nAodhGIZhGIZhGIZhGL0eEzgMwzAMwzAMwzAMw+j1mMBhGIZhGIZhGIZhGEavxwQOwzAMwzAMwzAM\nwzB6PSZwGIZhGIZhGIZhGIbR...
[debug] [35m[W3C (28b237c0)][39m Responding to client with driver.getScreenshot() result: "iVBORw0KGgoAAAANSUhEUgAABDgAAAlgCAYAAABtGofVAAAAAXNSR0IArs4c6QAAAARzQklUCAgI\nCHwIZIgAACAASURBVHic7J13nBzVlbafc6u7ZySNEpJQjogkMMkiGJDIBkROBmOMsdk19jovu/Y6\nrG3Acb2s7TX2Z3tZbANecs45g8lZKCEJocAIlDWxu+75/rhVHUYjzYymR9KY8/x+PdOhuqpud3XV\nve99zzmSvzBSDMMwDMMwDMMwDMMwejFua++AYRiGYRiGYRiGYRhGdzGBwzAMwzAMwzAMwzCMXo8J\nHIZhGIZhGIZhGIZh9HpM4DAMwzAMwzAMwzAMo9djAodhGIZhGIZhGIZhGL0eEzgMwzAMwzAMwzAM\nw+j1mMBhGIZhGIZhGIZhGEavxwQOwzAMwzAMwzAMwzB6PSZwGIZhGIZhGIZhGIbR6zGBwzAMwzAM\nwzAMwzCMXo8JHIZhGIZhGIZhGIZh9HpM4DAMwzAMwzAMwzAMo9djAodhGIZhGIZhGIZhGL0eEzgM\nwzAMwzAMwzAMw+j1mMBhGIZhGIZhGIZhGEavxwQOwzAMwzAMwzAMwzB6PSZwGIZhGIZhGIZhGIbR\n6zGBwzAMwzAMwzAMwzCMXo8JHIZhGIZhGIZhGIZh9HpM4DAMwzAMwzAMwzAMo9djAodhGIZhGIZh\nGIZhGL0eEzgMwzAMwzAMwzAMw+j1mMBhGIZhGIZhGIZhGEavxwQOwzAMwzAMwzAMwzB6PSZwGIZh\nGIZhGIZhGIbR6zGBwzAMwzAMwzAMwzCMXo8JHIZhGIZhGIZhGIZh9HpM4DAMwzAMwzAMwzAMo9dj\nAodhGIZhGIZhGIZhGL0eEzgMwzAMwzAMwzAMw+j1mMBhGIZhGIZhGIZhGEavxwQOwzAMwzAMwzAM\nwzB6PSZwGIZhGIZhGIZhGIbR6zGBwzAMwzAMwzAMwzCMXo8JHIZhGIZhGIZhGIZh9HpM4DAMwzAM\nwzAMwz...
[35m[HTTP][39m [37m<-- GET /wd/hub/session/28b237c0-6721-4557-9844-6349a4399b98/screenshot [39m[32m200[39m [90m651 ms - 131558[39m
[35m[HTTP][39m [90m[39m
[35m[HTTP][39m [37m-->[39m [37mPOST[39m [37m/wd/hub/session/28b237c0-6721-4557-9844-6349a4399b98/elements[39m
[35m[HTTP][39m [90m{"using":"xpath","value":"//*[@class = 'android.view.ViewGroup' and (@text = '' or . = '')]"}[39m
[debug] [35m[W3C (28b237c0)][39m Calling AppiumDriver.findElements() with args: ["xpath","//*[@class = 'android.view.ViewGroup' and (@text = '' or . = '')]","28b237c0-6721-4557-9844-6349a4399b98"]
[debug] [35m[BaseDriver][39m Valid locator strategies for this request: xpath, id, class name, accessibility id, css selector, -android uiautomator
[debug] [35m[BaseDriver][39m Waiting up to 60000 ms for condition
[debug] [35m[WD Proxy][39m Matched '/elements' to command name 'findElements'
[debug] [35m[WD Proxy][39m Proxying [POST /elements] to [POST http://127.0.0.1:8243/wd/hub/session/5305ee07-e8ab-4f46-8378-4766c30a1117/elements] with body: {"strategy":"xpath","selector":"//*[@class = 'android.view.ViewGroup' and (@text = '' or . = '')]","context":"","multiple":true}
[debug] [35m[WD Proxy][39m Got response with status 200: {"sessionId":"5305ee07-e8ab-4f46-8378-4766c30a1117","value":[{"ELEMENT":"00000000-0000-17dc-ffff-ffff000001d3","element-6066-11e4-a52e-4f735466cecf":"00000000-0000-17dc-ffff-ffff000001d3"},{"ELEMENT":"00000000-0000-17dc-ffff-ffff000001d5","element-6066-11e4-a52e-4f735466cecf":"00000000-0000-17dc-ffff-ffff000001d5"},{"ELEMENT":"00000000-0000-17dc-ffff-ffff000001d6","element-6066-11e4-a52e-4f735466cecf":"00000000-0000-17dc-ffff-ffff000001d6"},{"ELEMENT":"00000000-0000-17dc-ffff-ffff000001d7","element-6066-11e4-a52e-4f735466cecf":"00000000-0000-17dc-ffff-ffff000001d7"},{"ELEMENT":"00000000-0000-17dc-ffff-ffff000001d8","element-6066-11e4-a52e-4f735466cecf":"00000000-0000-17dc-ffff-ffff000001d8"},{"ELEMENT":"00000000-0000-17dc-ffff-ffff000001d9","element-6066-11e4-a52e-4f735466cecf":"00000000-0000-17dc-ffff-ffff000001d9"},{"ELEMENT":"00000000-0000-17dc-ffff-ffff000001da","element-6066-11e4-a52e-4f735466cecf":"00000000-0000-17dc-ffff-ffff000001da"},{"ELEMENT":"00000000-0000-17dc-ffff-ffff000001dd","element-6066-...
[debug] [35m[W3C (28b237c0)][39m Responding to client with driver.findElements() result: [{"element-6066-11e4-a52e-4f735466cecf":"00000000-0000-17dc-ffff-ffff000001d3","ELEMENT":"00000000-0000-17dc-ffff-ffff000001d3"},{"element-6066-11e4-a52e-4f735466cecf":"00000000-0000-17dc-ffff-ffff000001d5","ELEMENT":"00000000-0000-17dc-ffff-ffff000001d5"},{"element-6066-11e4-a52e-4f735466cecf":"00000000-0000-17dc-ffff-ffff000001d6","ELEMENT":"00000000-0000-17dc-ffff-ffff000001d6"},{"element-6066-11e4-a52e-4f735466cecf":"00000000-0000-17dc-ffff-ffff000001d7","ELEMENT":"00000000-0000-17dc-ffff-ffff000001d7"},{"element-6066-11e4-a52e-4f735466cecf":"00000000-0000-17dc-ffff-ffff000001d8","ELEMENT":"00000000-0000-17dc-ffff-ffff000001d8"},{"element-6066-11e4-a52e-4f735466cecf":"00000000-0000-17dc-ffff-ffff000001d9","ELEMENT":"00000000-0000-17dc-ffff-ffff000001d9"},{"element-6066-11e4-a52e-4f735466cecf":"00000000-0000-17dc-ffff-ffff000001da","ELEMENT":"00000000-0000-17dc-ffff-ffff000001da"},{"element-6066-11e4-a52e-4f735466cecf":"00000000-0000-17dc-ffff-ffff000001dd","ELEMENT":"00000000-0000-17dc-ffff-ffff000001d...
[35m[HTTP][39m [37m<-- POST /wd/hub/session/28b237c0-6721-4557-9844-6349a4399b98/elements [39m[32m200[39m [90m381 ms - 1547[39m
[35m[HTTP][39m [90m[39m
[35m[HTTP][39m [37m-->[39m [37mPOST[39m [37m/wd/hub/session/28b237c0-6721-4557-9844-6349a4399b98/elements[39m
[35m[HTTP][39m [90m{"using":"accessibility id","value":", Any"}[39m
[debug] [35m[W3C (28b237c0)][39m Calling AppiumDriver.findElements() with args: ["accessibility id",", Any","28b237c0-6721-4557-9844-6349a4399b98"]
[debug] [35m[BaseDriver][39m Valid locator strategies for this request: xpath, id, class name, accessibility id, css selector, -android uiautomator
[debug] [35m[BaseDriver][39m Waiting up to 60000 ms for condition
[debug] [35m[WD Proxy][39m Matched '/elements' to command name 'findElements'
[debug] [35m[WD Proxy][39m Proxying [POST /elements] to [POST http://127.0.0.1:8243/wd/hub/session/5305ee07-e8ab-4f46-8378-4766c30a1117/elements] with body: {"strategy":"accessibility id","selector":", Any","context":"","multiple":true}
[debug] [35m[WD Proxy][39m Got response with status 200: {"sessionId":"5305ee07-e8ab-4f46-8378-4766c30a1117","value":[{"ELEMENT":"00000000-0000-17dc-ffff-ffff000001e1","element-6066-11e4-a52e-4f735466cecf":"00000000-0000-17dc-ffff-ffff000001e1"}]}
[debug] [35m[W3C (28b237c0)][39m Responding to client with driver.findElements() result: [{"element-6066-11e4-a52e-4f735466cecf":"00000000-0000-17dc-ffff-ffff000001e1","ELEMENT":"00000000-0000-17dc-ffff-ffff000001e1"}]
[35m[HTTP][39m [37m<-- POST /wd/hub/session/28b237c0-6721-4557-9844-6349a4399b98/elements [39m[32m200[39m [90m36 ms - 139[39m
[35m[HTTP][39m [90m[39m
[35m[HTTP][39m [37m-->[39m [37mPOST[39m [37m/wd/hub/session/28b237c0-6721-4557-9844-6349a4399b98/elements[39m
[35m[HTTP][39m [90m{"using":"xpath","value":"//*[@class = 'android.view.ViewGroup' and (@text = '' or . = '')]"}[39m
[debug] [35m[W3C (28b237c0)][39m Calling AppiumDriver.findElements() with args: ["xpath","//*[@class = 'android.view.ViewGroup' and (@text = '' or . = '')]","28b237c0-6721-4557-9844-6349a4399b98"]
[debug] [35m[BaseDriver][39m Valid locator strategies for this request: xpath, id, class name, accessibility id, css selector, -android uiautomator
[debug] [35m[BaseDriver][39m Waiting up to 60000 ms for condition
[debug] [35m[WD Proxy][39m Matched '/elements' to command name 'findElements'
[debug] [35m[WD Proxy][39m Proxying [POST /elements] to [POST http://127.0.0.1:8243/wd/hub/session/5305ee07-e8ab-4f46-8378-4766c30a1117/elements] with body: {"strategy":"xpath","selector":"//*[@class = 'android.view.ViewGroup' and (@text = '' or . = '')]","context":"","multiple":true}
[debug] [35m[WD Proxy][39m Got response with status 200: {"sessionId":"5305ee07-e8ab-4f46-8378-4766c30a1117","value":[{"ELEMENT":"00000000-0000-17dc-ffff-ffff000001d3","element-6066-11e4-a52e-4f735466cecf":"00000000-0000-17dc-ffff-ffff000001d3"},{"ELEMENT":"00000000-0000-17dc-ffff-ffff000001d5","element-6066-11e4-a52e-4f735466cecf":"00000000-0000-17dc-ffff-ffff000001d5"},{"ELEMENT":"00000000-0000-17dc-ffff-ffff000001d6","element-6066-11e4-a52e-4f735466cecf":"00000000-0000-17dc-ffff-ffff000001d6"},{"ELEMENT":"00000000-0000-17dc-ffff-ffff000001d7","element-6066-11e4-a52e-4f735466cecf":"00000000-0000-17dc-ffff-ffff000001d7"},{"ELEMENT":"00000000-0000-17dc-ffff-ffff000001d8","element-6066-11e4-a52e-4f735466cecf":"00000000-0000-17dc-ffff-ffff000001d8"},{"ELEMENT":"00000000-0000-17dc-ffff-ffff000001d9","element-6066-11e4-a52e-4f735466cecf":"00000000-0000-17dc-ffff-ffff000001d9"},{"ELEMENT":"00000000-0000-17dc-ffff-ffff000001da","element-6066-11e4-a52e-4f735466cecf":"00000000-0000-17dc-ffff-ffff000001da"},{"ELEMENT":"00000000-0000-17dc-ffff-ffff000001dd","element-6066-...
[debug] [35m[W3C (28b237c0)][39m Responding to client with driver.findElements() result: [{"element-6066-11e4-a52e-4f735466cecf":"00000000-0000-17dc-ffff-ffff000001d3","ELEMENT":"00000000-0000-17dc-ffff-ffff000001d3"},{"element-6066-11e4-a52e-4f735466cecf":"00000000-0000-17dc-ffff-ffff000001d5","ELEMENT":"00000000-0000-17dc-ffff-ffff000001d5"},{"element-6066-11e4-a52e-4f735466cecf":"00000000-0000-17dc-ffff-ffff000001d6","ELEMENT":"00000000-0000-17dc-ffff-ffff000001d6"},{"element-6066-11e4-a52e-4f735466cecf":"00000000-0000-17dc-ffff-ffff000001d7","ELEMENT":"00000000-0000-17dc-ffff-ffff000001d7"},{"element-6066-11e4-a52e-4f735466cecf":"00000000-0000-17dc-ffff-ffff000001d8","ELEMENT":"00000000-0000-17dc-ffff-ffff000001d8"},{"element-6066-11e4-a52e-4f735466cecf":"00000000-0000-17dc-ffff-ffff000001d9","ELEMENT":"00000000-0000-17dc-ffff-ffff000001d9"},{"element-6066-11e4-a52e-4f735466cecf":"00000000-0000-17dc-ffff-ffff000001da","ELEMENT":"00000000-0000-17dc-ffff-ffff000001da"},{"element-6066-11e4-a52e-4f735466cecf":"00000000-0000-17dc-ffff-ffff000001dd","ELEMENT":"00000000-0000-17dc-ffff-ffff000001d...
[35m[HTTP][39m [37m<-- POST /wd/hub/session/28b237c0-6721-4557-9844-6349a4399b98/elements [39m[32m200[39m [90m102 ms - 1547[39m
[35m[HTTP][39m [90m[39m
[35m[HTTP][39m [37m-->[39m [37mPOST[39m [37m/wd/hub/session/28b237c0-6721-4557-9844-6349a4399b98/elements[39m
[35m[HTTP][39m [90m{"using":"accessibility id","value":", Interior Design"}[39m
[debug] [35m[W3C (28b237c0)][39m Calling AppiumDriver.findElements() with args: ["accessibility id",", Interior Design","28b237c0-6721-4557-9844-6349a4399b98"]
[debug] [35m[BaseDriver][39m Valid locator strategies for this request: xpath, id, class name, accessibility id, css selector, -android uiautomator
[debug] [35m[BaseDriver][39m Waiting up to 60000 ms for condition
[debug] [35m[WD Proxy][39m Matched '/elements' to command name 'findElements'
[debug] [35m[WD Proxy][39m Proxying [POST /elements] to [POST http://127.0.0.1:8243/wd/hub/session/5305ee07-e8ab-4f46-8378-4766c30a1117/elements] with body: {"strategy":"accessibility id","selector":", Interior Design","context":"","multiple":true}
[debug] [35m[WD Proxy][39m Got response with status 200: {"sessionId":"5305ee07-e8ab-4f46-8378-4766c30a1117","value":[{"ELEMENT":"00000000-0000-17dc-ffff-ffff000001e4","element-6066-11e4-a52e-4f735466cecf":"00000000-0000-17dc-ffff-ffff000001e4"}]}
[debug] [35m[W3C (28b237c0)][39m Responding to client with driver.findElements() result: [{"element-6066-11e4-a52e-4f735466cecf":"00000000-0000-17dc-ffff-ffff000001e4","ELEMENT":"00000000-0000-17dc-ffff-ffff000001e4"}]
[35m[HTTP][39m [37m<-- POST /wd/hub/session/28b237c0-6721-4557-9844-6349a4399b98/elements [39m[32m200[39m [90m31 ms - 139[39m
[35m[HTTP][39m [90m[39m
[35m[HTTP][39m [37m-->[39m [37mPOST[39m [37m/wd/hub/session/28b237c0-6721-4557-9844-6349a4399b98/elements[39m
[35m[HTTP][39m [90m{"using":"xpath","value":"//*[@class = 'android.view.ViewGroup' and (@text = '' or . = '')]"}[39m
[debug] [35m[W3C (28b237c0)][39m Calling AppiumDriver.findElements() with args: ["xpath","//*[@class = 'android.view.ViewGroup' and (@text = '' or . = '')]","28b237c0-6721-4557-9844-6349a4399b98"]
[debug] [35m[BaseDriver][39m Valid locator strategies for this request: xpath, id, class name, accessibility id, css selector, -android uiautomator
[debug] [35m[BaseDriver][39m Waiting up to 60000 ms for condition
[debug] [35m[WD Proxy][39m Matched '/elements' to command name 'findElements'
[debug] [35m[WD Proxy][39m Proxying [POST /elements] to [POST http://127.0.0.1:8243/wd/hub/session/5305ee07-e8ab-4f46-8378-4766c30a1117/elements] with body: {"strategy":"xpath","selector":"//*[@class = 'android.view.ViewGroup' and (@text = '' or . = '')]","context":"","multiple":true}
[debug] [35m[WD Proxy][39m Got response with status 200: {"sessionId":"5305ee07-e8ab-4f46-8378-4766c30a1117","value":[{"ELEMENT":"00000000-0000-17dc-ffff-ffff000001d3","element-6066-11e4-a52e-4f735466cecf":"00000000-0000-17dc-ffff-ffff000001d3"},{"ELEMENT":"00000000-0000-17dc-ffff-ffff000001d5","element-6066-11e4-a52e-4f735466cecf":"00000000-0000-17dc-ffff-ffff000001d5"},{"ELEMENT":"00000000-0000-17dc-ffff-ffff000001d6","element-6066-11e4-a52e-4f735466cecf":"00000000-0000-17dc-ffff-ffff000001d6"},{"ELEMENT":"00000000-0000-17dc-ffff-ffff000001d7","element-6066-11e4-a52e-4f735466cecf":"00000000-0000-17dc-ffff-ffff000001d7"},{"ELEMENT":"00000000-0000-17dc-ffff-ffff000001d8","element-6066-11e4-a52e-4f735466cecf":"00000000-0000-17dc-ffff-ffff000001d8"},{"ELEMENT":"00000000-0000-17dc-ffff-ffff000001d9","element-6066-11e4-a52e-4f735466cecf":"00000000-0000-17dc-ffff-ffff000001d9"},{"ELEMENT":"00000000-0000-17dc-ffff-ffff000001da","element-6066-11e4-a52e-4f735466cecf":"00000000-0000-17dc-ffff-ffff000001da"},{"ELEMENT":"00000000-0000-17dc-ffff-ffff000001dd","element-6066-...
[debug] [35m[W3C (28b237c0)][39m Responding to client with driver.findElements() result: [{"element-6066-11e4-a52e-4f735466cecf":"00000000-0000-17dc-ffff-ffff000001d3","ELEMENT":"00000000-0000-17dc-ffff-ffff000001d3"},{"element-6066-11e4-a52e-4f735466cecf":"00000000-0000-17dc-ffff-ffff000001d5","ELEMENT":"00000000-0000-17dc-ffff-ffff000001d5"},{"element-6066-11e4-a52e-4f735466cecf":"00000000-0000-17dc-ffff-ffff000001d6","ELEMENT":"00000000-0000-17dc-ffff-ffff000001d6"},{"element-6066-11e4-a52e-4f735466cecf":"00000000-0000-17dc-ffff-ffff000001d7","ELEMENT":"00000000-0000-17dc-ffff-ffff000001d7"},{"element-6066-11e4-a52e-4f735466cecf":"00000000-0000-17dc-ffff-ffff000001d8","ELEMENT":"00000000-0000-17dc-ffff-ffff000001d8"},{"element-6066-11e4-a52e-4f735466cecf":"00000000-0000-17dc-ffff-ffff000001d9","ELEMENT":"00000000-0000-17dc-ffff-ffff000001d9"},{"element-6066-11e4-a52e-4f735466cecf":"00000000-0000-17dc-ffff-ffff000001da","ELEMENT":"00000000-0000-17dc-ffff-ffff000001da"},{"element-6066-11e4-a52e-4f735466cecf":"00000000-0000-17dc-ffff-ffff000001dd","ELEMENT":"00000000-0000-17dc-ffff-ffff000001d...
[35m[HTTP][39m [37m<-- POST /wd/hub/session/28b237c0-6721-4557-9844-6349a4399b98/elements [39m[32m200[39m [90m93 ms - 1547[39m
[35m[HTTP][39m [90m[39m
[35m[HTTP][39m [37m-->[39m [37mPOST[39m [37m/wd/hub/session/28b237c0-6721-4557-9844-6349a4399b98/elements[39m
[35m[HTTP][39m [90m{"using":"accessibility id","value":", Others"}[39m
[debug] [35m[W3C (28b237c0)][39m Calling AppiumDriver.findElements() with args: ["accessibility id",", Others","28b237c0-6721-4557-9844-6349a4399b98"]
[debug] [35m[BaseDriver][39m Valid locator strategies for this request: xpath, id, class name, accessibility id, css selector, -android uiautomator
[debug] [35m[BaseDriver][39m Waiting up to 60000 ms for condition
[debug] [35m[WD Proxy][39m Matched '/elements' to command name 'findElements'
[debug] [35m[WD Proxy][39m Proxying [POST /elements] to [POST http://127.0.0.1:8243/wd/hub/session/5305ee07-e8ab-4f46-8378-4766c30a1117/elements] with body: {"strategy":"accessibility id","selector":", Others","context":"","multiple":true}
[debug] [35m[WD Proxy][39m Got response with status 200: {"sessionId":"5305ee07-e8ab-4f46-8378-4766c30a1117","value":[{"ELEMENT":"00000000-0000-17dc-ffff-ffff000001e7","element-6066-11e4-a52e-4f735466cecf":"00000000-0000-17dc-ffff-ffff000001e7"}]}
[debug] [35m[W3C (28b237c0)][39m Responding to client with driver.findElements() result: [{"element-6066-11e4-a52e-4f735466cecf":"00000000-0000-17dc-ffff-ffff000001e7","ELEMENT":"00000000-0000-17dc-ffff-ffff000001e7"}]
[35m[HTTP][39m [37m<-- POST /wd/hub/session/28b237c0-6721-4557-9844-6349a4399b98/elements [39m[32m200[39m [90m37 ms - 139[39m
[35m[HTTP][39m [90m[39m
[35m[HTTP][39m [37m-->[39m [37mDELETE[39m [37m/wd/hub/session/28b237c0-6721-4557-9844-6349a4399b98[39m
[35m[HTTP][39m [90m{}[39m
[debug] [35m[W3C (28b237c0)][39m Calling AppiumDriver.deleteSession() with args: ["28b237c0-6721-4557-9844-6349a4399b98"]
[debug] [35m[BaseDriver][39m Event 'quitSessionRequested' logged at 1701057600950 (12:00:00 GMT+0800 (Singapore Standard Time))
[35m[Appium][39m Removing session 28b237c0-6721-4557-9844-6349a4399b98 from our master session list
[debug] [35m[UiAutomator2][39m Deleting UiAutomator2 session
[debug] [35m[UiAutomator2][39m Deleting UiAutomator2 server session
[debug] [35m[WD Proxy][39m Matched '/' to command name 'deleteSession'
[debug] [35m[WD Proxy][39m Proxying [DELETE /] to [DELETE http://127.0.0.1:8243/wd/hub/session/5305ee07-e8ab-4f46-8378-4766c30a1117] with no body
[debug] [35m[WD Proxy][39m Got response with status 200: {"sessionId":"5305ee07-e8ab-4f46-8378-4766c30a1117","value":null}
[debug] [35m[ADB][39m Running 'C:\Users\HP\.katalon\tools\android_sdk\platform-tools\adb.exe -P 5037 -s a819ec3e shell am force-stop com.android.settings'
[debug] [35m[Logcat][39m Stopping logcat capture
[debug] [35m[ADB][39m Removing forwarded port socket connection: 8243 
[debug] [35m[ADB][39m Running 'C:\Users\HP\.katalon\tools\android_sdk\platform-tools\adb.exe -P 5037 -s a819ec3e forward --remove tcp:8243'
[35m[UiAutomator2][39m Restoring hidden api policy to the device default configuration
[debug] [35m[ADB][39m Running 'C:\Users\HP\.katalon\tools\android_sdk\platform-tools\adb.exe -P 5037 -s a819ec3e shell 'settings delete global hidden_api_policy_pre_p_apps;settings delete global hidden_api_policy_p_apps;settings delete global hidden_api_policy''
[debug] [35m[BaseDriver][39m Event 'quitSessionFinished' logged at 1701057601311 (12:00:01 GMT+0800 (Singapore Standard Time))
[debug] [35m[W3C (28b237c0)][39m Received response: null
[debug] [35m[W3C (28b237c0)][39m But deleting session, so not returning
[debug] [35m[W3C (28b237c0)][39m Responding to client with driver.deleteSession() result: null
[35m[HTTP][39m [37m<-- DELETE /wd/hub/session/28b237c0-6721-4557-9844-6349a4399b98 [39m[32m200[39m [90m363 ms - 14[39m
[35m[HTTP][39m [90m[39m
